<?xml version="1.0" encoding="UTF-8"?>
<testsuite xmlns:xsi="http://www.w3.org/2001/XMLSchema-instance" xsi:noNamespaceSchemaLocation="https://maven.apache.org/surefire/maven-surefire-plugin/xsd/surefire-test-report-3.0.xsd" version="3.0" name="com.emr.www.MedicalChatEmrApplicationTests" time="8.357" tests="1" errors="0" skipped="0" failures="0">
  <properties>
[...]
</properties>
  <testcase name="contextLoads" classname="com.emr.www.MedicalChatEmrApplicationTests" time="0.601">
    <system-out><![CDATA[14:12:18.521 [main] INFO org.springframework.test.context.support.AnnotationConfigContextLoaderUtils -- Could not detect default configuration classes for test class [com.emr.www.MedicalChatEmrApplicationTests]: MedicalChatEmrApplicationTests does not declare any static, non-private, non-final, nested classes annotated with @Configuration.
14:12:18.664 [main] INFO org.springframework.boot.test.context.SpringBootTestContextBootstrapper -- Found @SpringBootConfiguration com.emr.www.MedicalChatEmrApplication for test class com.emr.www.MedicalChatEmrApplicationTests
14:12:18.864 [main] INFO org.springframework.boot.devtools.restart.RestartApplicationListener -- Restart disabled due to context in which it is running

  .   ____          _            __ _ _
 /\\ / ___'_ __ _ _(_)_ __  __ _ \ \ \ \
( ( )\___ | '_ | '_| | '_ \/ _` | \ \ \ \
 \\/  ___)| |_)| | | | | || (_| |  ) ) ) )
  '  |____| .__|_| |_|_| |_\__, | / / / /
 =========|_|==============|___/=/_/_/_/

 :: Spring Boot ::                (v3.3.2)

2024-08-25T14:12:19.162+09:00  INFO 544 --- [MedicalChatEMR] [           main] c.e.www.MedicalChatEmrApplicationTests   : Starting MedicalChatEmrApplicationTests using Java 21.0.3 with PID 544 (started by TJ in C:\Users\TJ\Desktop\새 폴더 (5)\hyunjiProject)
2024-08-25T14:12:19.163+09:00 DEBUG 544 --- [MedicalChatEMR] [           main] c.e.www.MedicalChatEmrApplicationTests   : Running with Spring Boot v3.3.2, Spring v6.1.11
2024-08-25T14:12:19.164+09:00  INFO 544 --- [MedicalChatEMR] [           main] c.e.www.MedicalChatEmrApplicationTests   : No active profile set, falling back to 1 default profile: "default"
2024-08-25T14:12:19.207+09:00 DEBUG 544 --- [MedicalChatEMR] [           main] o.s.w.c.s.GenericWebApplicationContext   : Refreshing org.springframework.web.context.support.GenericWebApplicationContext@5cbb84b1
2024-08-25T14:12:20.473+09:00  INFO 544 --- [MedicalChatEMR] [           main] .s.d.r.c.RepositoryConfigurationDelegate : Multiple Spring Data modules found, entering strict repository configuration mode
2024-08-25T14:12:20.474+09:00  INFO 544 --- [MedicalChatEMR] [           main] .s.d.r.c.RepositoryConfigurationDelegate : Bootstrapping Spring Data JDBC repositories in DEFAULT mode.
2024-08-25T14:12:20.518+09:00  INFO 544 --- [MedicalChatEMR] [           main] .RepositoryConfigurationExtensionSupport : Spring Data JDBC - Could not safely identify store assignment for repository candidate interface com.emr.www.repository.admin.AdminRepository; If you want this repository to be a JDBC repository, consider annotating your entities with one of these annotations: org.springframework.data.relational.core.mapping.Table.
2024-08-25T14:12:20.520+09:00  INFO 544 --- [MedicalChatEMR] [           main] .RepositoryConfigurationExtensionSupport : Spring Data JDBC - Could not safely identify store assignment for repository candidate interface com.emr.www.repository.chatMessage.ChatMessageRepository; If you want this repository to be a JDBC repository, consider annotating your entities with one of these annotations: org.springframework.data.relational.core.mapping.Table.
2024-08-25T14:12:20.521+09:00  INFO 544 --- [MedicalChatEMR] [           main] .RepositoryConfigurationExtensionSupport : Spring Data JDBC - Could not safely identify store assignment for repository candidate interface com.emr.www.repository.doctor.DiagnosisRepository; If you want this repository to be a JDBC repository, consider annotating your entities with one of these annotations: org.springframework.data.relational.core.mapping.Table.
2024-08-25T14:12:20.523+09:00  INFO 544 --- [MedicalChatEMR] [           main] .RepositoryConfigurationExtensionSupport : Spring Data JDBC - Could not safely identify store assignment for repository candidate interface com.emr.www.repository.doctor.DoctorRepository; If you want this repository to be a JDBC repository, consider annotating your entities with one of these annotations: org.springframework.data.relational.core.mapping.Table.
2024-08-25T14:12:20.525+09:00  INFO 544 --- [MedicalChatEMR] [           main] .RepositoryConfigurationExtensionSupport : Spring Data JDBC - Could not safely identify store assignment for repository candidate interface com.emr.www.repository.doctor.DrugRepository; If you want this repository to be a JDBC repository, consider annotating your entities with one of these annotations: org.springframework.data.relational.core.mapping.Table.
2024-08-25T14:12:20.527+09:00  INFO 544 --- [MedicalChatEMR] [           main] .RepositoryConfigurationExtensionSupport : Spring Data JDBC - Could not safely identify store assignment for repository candidate interface com.emr.www.repository.doctor.PrescriptionRepository; If you want this repository to be a JDBC repository, consider annotating your entities with one of these annotations: org.springframework.data.relational.core.mapping.Table.
2024-08-25T14:12:20.528+09:00  INFO 544 --- [MedicalChatEMR] [           main] .RepositoryConfigurationExtensionSupport : Spring Data JDBC - Could not safely identify store assignment for repository candidate interface com.emr.www.repository.nurse.NurseRepository; If you want this repository to be a JDBC repository, consider annotating your entities with one of these annotations: org.springframework.data.relational.core.mapping.Table.
2024-08-25T14:12:20.530+09:00  INFO 544 --- [MedicalChatEMR] [           main] .RepositoryConfigurationExtensionSupport : Spring Data JDBC - Could not safely identify store assignment for repository candidate interface com.emr.www.repository.patient.MedicalRecordRepository; If you want this repository to be a JDBC repository, consider annotating your entities with one of these annotations: org.springframework.data.relational.core.mapping.Table.
2024-08-25T14:12:20.531+09:00  INFO 544 --- [MedicalChatEMR] [           main] .RepositoryConfigurationExtensionSupport : Spring Data JDBC - Could not safely identify store assignment for repository candidate interface com.emr.www.repository.patient.PatientRegistrationRepository; If you want this repository to be a JDBC repository, consider annotating your entities with one of these annotations: org.springframework.data.relational.core.mapping.Table.
2024-08-25T14:12:20.533+09:00  INFO 544 --- [MedicalChatEMR] [           main] .RepositoryConfigurationExtensionSupport : Spring Data JDBC - Could not safely identify store assignment for repository candidate interface com.emr.www.repository.patient.PatientVisitRepository; If you want this repository to be a JDBC repository, consider annotating your entities with one of these annotations: org.springframework.data.relational.core.mapping.Table.
2024-08-25T14:12:20.534+09:00  INFO 544 --- [MedicalChatEMR] [           main] .s.d.r.c.RepositoryConfigurationDelegate : Finished Spring Data repository scanning in 54 ms. Found 0 JDBC repository interfaces.
2024-08-25T14:12:20.546+09:00  INFO 544 --- [MedicalChatEMR] [           main] .s.d.r.c.RepositoryConfigurationDelegate : Multiple Spring Data modules found, entering strict repository configuration mode
2024-08-25T14:12:20.547+09:00  INFO 544 --- [MedicalChatEMR] [           main] .s.d.r.c.RepositoryConfigurationDelegate : Bootstrapping Spring Data JPA repositories in DEFAULT mode.
2024-08-25T14:12:20.624+09:00  INFO 544 --- [MedicalChatEMR] [           main] .s.d.r.c.RepositoryConfigurationDelegate : Finished Spring Data repository scanning in 73 ms. Found 10 JPA repository interfaces.
2024-08-25T14:12:21.241+09:00  INFO 544 --- [MedicalChatEMR] [           main] o.hibernate.jpa.internal.util.LogHelper  : HHH000204: Processing PersistenceUnitInfo [name: default]
2024-08-25T14:12:21.330+09:00  INFO 544 --- [MedicalChatEMR] [           main] org.hibernate.Version                    : HHH000412: Hibernate ORM core version 6.5.2.Final
2024-08-25T14:12:21.378+09:00  INFO 544 --- [MedicalChatEMR] [           main] o.h.c.internal.RegionFactoryInitiator    : HHH000026: Second-level cache disabled
2024-08-25T14:12:21.791+09:00  INFO 544 --- [MedicalChatEMR] [           main] o.s.o.j.p.SpringPersistenceUnitInfo      : No LoadTimeWeaver setup: ignoring JPA class transformer
2024-08-25T14:12:21.825+09:00  INFO 544 --- [MedicalChatEMR] [           main] com.zaxxer.hikari.HikariDataSource       : HikariPool-1 - Starting...
2024-08-25T14:12:22.228+09:00  INFO 544 --- [MedicalChatEMR] [           main] com.zaxxer.hikari.pool.HikariPool        : HikariPool-1 - Added connection com.mysql.cj.jdbc.ConnectionImpl@49fe0bcd
2024-08-25T14:12:22.231+09:00  INFO 544 --- [MedicalChatEMR] [           main] com.zaxxer.hikari.HikariDataSource       : HikariPool-1 - Start completed.
2024-08-25T14:12:22.282+09:00  WARN 544 --- [MedicalChatEMR] [           main] org.hibernate.orm.deprecation            : HHH90000025: MySQL8Dialect does not need to be specified explicitly using 'hibernate.dialect' (remove the property setting and it will be selected by default)
2024-08-25T14:12:22.284+09:00  WARN 544 --- [MedicalChatEMR] [           main] org.hibernate.orm.deprecation            : HHH90000026: MySQL8Dialect has been deprecated; use org.hibernate.dialect.MySQLDialect instead
2024-08-25T14:12:23.654+09:00  INFO 544 --- [MedicalChatEMR] [           main] o.h.e.t.j.p.i.JtaPlatformInitiator       : HHH000489: No JTA platform available (set 'hibernate.transaction.jta.platform' to enable JTA platform integration)
2024-08-25T14:12:23.657+09:00  INFO 544 --- [MedicalChatEMR] [           main] j.LocalContainerEntityManagerFactoryBean : Initialized JPA EntityManagerFactory for persistence unit 'default'
2024-08-25T14:12:24.007+09:00  INFO 544 --- [MedicalChatEMR] [           main] o.s.d.j.r.query.QueryEnhancerFactory     : Hibernate is in classpath; If applicable, HQL parser will be used.
rest API config 호출
2024-08-25T14:12:24.947+09:00  WARN 544 --- [MedicalChatEMR] [           main] JpaBaseConfiguration$JpaWebConfiguration : spring.jpa.open-in-view is enabled by default. Therefore, database queries may be performed during view rendering. Explicitly configure spring.jpa.open-in-view to disable this warning
2024-08-25T14:12:24.992+09:00  INFO 544 --- [MedicalChatEMR] [           main] r$InitializeUserDetailsManagerConfigurer : Global AuthenticationManager configured with UserDetailsService bean with name inMemoryUserDetailsManager
2024-08-25T14:12:25.148+09:00 DEBUG 544 --- [MedicalChatEMR] [           main] o.s.w.s.s.s.WebSocketHandlerMapping      : Patterns [/ws/**] in 'stompWebSocketHandlerMapping'
2024-08-25T14:12:25.244+09:00 DEBUG 544 --- [MedicalChatEMR] [           main] s.w.s.m.m.a.RequestMappingHandlerMapping : 34 mappings in 'requestMappingHandlerMapping'
2024-08-25T14:12:25.330+09:00 DEBUG 544 --- [MedicalChatEMR] [           main] o.s.w.s.handler.SimpleUrlHandlerMapping  : Patterns [/webjars/**, /**] in 'resourceHandlerMapping'
2024-08-25T14:12:25.381+09:00 DEBUG 544 --- [MedicalChatEMR] [           main] o.s.s.web.DefaultSecurityFilterChain     : Will secure any request with filters: DisableEncodeUrlFilter, WebAsyncManagerIntegrationFilter, SecurityContextHolderFilter, HeaderWriterFilter, LogoutFilter, JwtAuthenticationFilter, RequestCacheAwareFilter, SecurityContextHolderAwareRequestFilter, AnonymousAuthenticationFilter, SessionManagementFilter, ExceptionTranslationFilter, AuthorizationFilter
2024-08-25T14:12:25.492+09:00 DEBUG 544 --- [MedicalChatEMR] [           main] .WebSocketAnnotationMethodMessageHandler : 
	c.e.w.c.a.AdminController:
	
2024-08-25T14:12:25.492+09:00 DEBUG 544 --- [MedicalChatEMR] [           main] .WebSocketAnnotationMethodMessageHandler : 
	c.e.w.c.d.DoctorAPIController:
	
2024-08-25T14:12:25.492+09:00 DEBUG 544 --- [MedicalChatEMR] [           main] .WebSocketAnnotationMethodMessageHandler : 
	c.e.w.c.d.DoctorController:
	
2024-08-25T14:12:25.492+09:00 DEBUG 544 --- [MedicalChatEMR] [           main] .WebSocketAnnotationMethodMessageHandler : 
	c.e.w.c.e.EmployeeController:
	
2024-08-25T14:12:25.492+09:00 DEBUG 544 --- [MedicalChatEMR] [           main] .WebSocketAnnotationMethodMessageHandler : 
	c.e.w.c.h.HeadnurseController:
	
2024-08-25T14:12:25.492+09:00 DEBUG 544 --- [MedicalChatEMR] [           main] .WebSocketAnnotationMethodMessageHandler : 
	c.e.w.c.n.NurseController:
	
2024-08-25T14:12:25.493+09:00 DEBUG 544 --- [MedicalChatEMR] [           main] .WebSocketAnnotationMethodMessageHandler : 
	c.e.w.c.p.PatientController:
	
2024-08-25T14:12:25.493+09:00 DEBUG 544 --- [MedicalChatEMR] [           main] .WebSocketAnnotationMethodMessageHandler : 
	o.s.b.a.w.s.e.BasicErrorController:
	
2024-08-25T14:12:25.672+09:00 DEBUG 544 --- [MedicalChatEMR] [           main] s.w.s.m.m.a.RequestMappingHandlerAdapter : ControllerAdvice beans: 0 @ModelAttribute, 0 @InitBinder, 1 RequestBodyAdvice, 1 ResponseBodyAdvice
2024-08-25T14:12:25.712+09:00 DEBUG 544 --- [MedicalChatEMR] [           main] .m.m.a.ExceptionHandlerExceptionResolver : ControllerAdvice beans: 0 @ExceptionHandler, 1 ResponseBodyAdvice
2024-08-25T14:12:25.986+09:00 DEBUG 544 --- [MedicalChatEMR] [           main] org.springframework.web.SimpLogging      : clientOutboundChannel added SubProtocolWebSocketHandler[StompSubProtocolHandler[v10.stomp, v11.stomp, v12.stomp]]
2024-08-25T14:12:25.987+09:00 DEBUG 544 --- [MedicalChatEMR] [           main] org.springframework.web.SimpLogging      : clientInboundChannel added WebSocketAnnotationMethodMessageHandler[prefixes=[/app/]]
2024-08-25T14:12:25.987+09:00  INFO 544 --- [MedicalChatEMR] [           main] o.s.m.s.b.SimpleBrokerMessageHandler     : Starting...
2024-08-25T14:12:25.987+09:00 DEBUG 544 --- [MedicalChatEMR] [           main] org.springframework.web.SimpLogging      : clientInboundChannel added SimpleBrokerMessageHandler [org.springframework.messaging.simp.broker.DefaultSubscriptionRegistry@44ef04ac]
2024-08-25T14:12:25.987+09:00 DEBUG 544 --- [MedicalChatEMR] [           main] org.springframework.web.SimpLogging      : brokerChannel added SimpleBrokerMessageHandler [org.springframework.messaging.simp.broker.DefaultSubscriptionRegistry@44ef04ac]
2024-08-25T14:12:25.988+09:00  INFO 544 --- [MedicalChatEMR] [           main] o.s.m.s.b.SimpleBrokerMessageHandler     : BrokerAvailabilityEvent[available=true, SimpleBrokerMessageHandler [org.springframework.messaging.simp.broker.DefaultSubscriptionRegistry@44ef04ac]]
2024-08-25T14:12:25.990+09:00  INFO 544 --- [MedicalChatEMR] [           main] o.s.m.s.b.SimpleBrokerMessageHandler     : Started.
2024-08-25T14:12:25.991+09:00 DEBUG 544 --- [MedicalChatEMR] [           main] org.springframework.web.SimpLogging      : clientInboundChannel added UserDestinationMessageHandler[DefaultUserDestinationResolver[prefix=/user/]]
2024-08-25T14:12:25.992+09:00 DEBUG 544 --- [MedicalChatEMR] [           main] org.springframework.web.SimpLogging      : brokerChannel added UserDestinationMessageHandler[DefaultUserDestinationResolver[prefix=/user/]]
2024-08-25T14:12:26.001+09:00  INFO 544 --- [MedicalChatEMR] [           main] c.e.www.MedicalChatEmrApplicationTests   : Started MedicalChatEmrApplicationTests in 7.154 seconds (process running for 8.657)
]]></system-out>
    <system-err><![CDATA[WARNING: A Java agent has been loaded dynamically (C:\Users\TJ\.m2\repository\net\bytebuddy\byte-buddy-agent\1.14.18\byte-buddy-agent-1.14.18.jar)
WARNING: If a serviceability tool is in use, please run with -XX:+EnableDynamicAgentLoading to hide this warning
WARNING: If a serviceability tool is not in use, please run with -Djdk.instrument.traceUsage for more information
WARNING: Dynamic loading of agents will be disallowed by default in a future release
]]></system-err>
  </testcase>
</testsuite>